1673426358632	geckodriver	INFO	Listening on 127.0.0.1:39887
1673426359022	mozrunner::runner	INFO	Running command: "/snap/firefox/current/firefox.launcher" "--marionette" "--remote-debugging-port" "42275" "--remote-allow-hosts" "localhost" "-no-remote" "-profile" "/tmp/rust_mozprofile6sioLe"
Gtk-Message: 14:09:19.071: Not loading module "atk-bridge": The functionality is provided by GTK natively. Please try to not load it.
ATTENTION: default value of option mesa_glthread overridden by environment.
ATTENTION: default value of option mesa_glthread overridden by environment.
ATTENTION: default value of option mesa_glthread overridden by environment.
ATTENTION: default value of option mesa_glthread overridden by environment.
1673426360605	Marionette	INFO	Marionette enabled
1673426360615	Marionette	INFO	Listening on port 40463
Read port: 40463
WebDriver BiDi listening on ws://127.0.0.1:42275
1673426360831	RemoteAgent	WARN	TLS certificate errors will be ignored for this session
console.warn: SearchSettings: "get: No settings file exists, new profile?" (new NotFoundError("Could not open the file at /tmp/rust_mozprofile6sioLe/search.json.mozlz4", (void 0)))
DevTools listening on ws://127.0.0.1:42275/devtools/browser/816c0aa5-37e1-46b7-a0ba-a3a8969530bb
JavaScript warning: https://stat2.moneycontrol.com/mcjs/responsive/radar/market_radar_aws_revamp.js?v=03112020_1700, line 3175: unreachable code after return statement
JavaScript warning: https://stat2.moneycontrol.com/mcjs/responsive/radar/market_radar_aws_revamp.js?v=03112020_1700, line 3181: unreachable code after return statement
JavaScript error: https://www.moneycontrol.com/, line 596: ReferenceError: initAdserver is not defined
JavaScript warning: https://pagead2.googlesyndication.com/bg/JwRg8GnJRbSbwgtubA3x1Twn6jgCPCxSQn9TsX0K1wE.js line 2 > eval line 1918 > eval line 1 > eval line 1 > eval, line 1: WEBGL_debug_renderer_info is deprecated in Firefox and will be removed. Please use RENDERER.
JavaScript error: , line 0: TypeError: NetworkError when attempting to fetch resource.
JavaScript error: , line 0: TypeError: NetworkError when attempting to fetch resource.
JavaScript error: , line 0: TypeError: NetworkError when attempting to fetch resource.
JavaScript error: , line 0: TypeError: NetworkError when attempting to fetch resource.
JavaScript error: , line 0: TypeError: NetworkError when attempting to fetch resource.
JavaScript error: , line 0: TypeError: NetworkError when attempting to fetch resource.
JavaScript error: , line 0: TypeError: NetworkError when attempting to fetch resource.
JavaScript error: , line 0: TypeError: NetworkError when attempting to fetch resource.
JavaScript warning: https://pagead2.googlesyndication.com/bg/JwRg8GnJRbSbwgtubA3x1Twn6jgCPCxSQn9TsX0K1wE.js line 2 > eval line 5573 > eval line 1 > eval line 1 > eval, line 1: WEBGL_debug_renderer_info is deprecated in Firefox and will be removed. Please use RENDERER.
JavaScript warning: https://pagead2.googlesyndication.com/bg/JwRg8GnJRbSbwgtubA3x1Twn6jgCPCxSQn9TsX0K1wE.js line 2 > eval line 7318 > eval line 1 > eval line 1 > eval, line 1: WEBGL_debug_renderer_info is deprecated in Firefox and will be removed. Please use RENDERER.
JavaScript error: , line 0: TypeError: NetworkError when attempting to fetch resource.
JavaScript error: , line 0: TypeError: NetworkError when attempting to fetch resource.
JavaScript error: , line 0: TypeError: NetworkError when attempting to fetch resource.
JavaScript error: , line 0: TypeError: NetworkError when attempting to fetch resource.
JavaScript error: , line 0: TypeError: NetworkError when attempting to fetch resource.
1673426402413	Marionette	INFO	Stopped listening on port 40463
JavaScript error: , line 0: TypeError: NetworkError when attempting to fetch resource.
JavaScript error: , line 0: TypeError: NetworkError when attempting to fetch resource.
1673426477503	geckodriver	INFO	Listening on 127.0.0.1:39149
1673426477904	mozrunner::runner	INFO	Running command: "/snap/firefox/current/firefox.launcher" "--marionette" "--remote-debugging-port" "44217" "--remote-allow-hosts" "localhost" "-no-remote" "-profile" "/tmp/rust_mozprofilepT7SZu"
Gtk-Message: 14:11:17.953: Not loading module "atk-bridge": The functionality is provided by GTK natively. Please try to not load it.
ATTENTION: default value of option mesa_glthread overridden by environment.
ATTENTION: default value of option mesa_glthread overridden by environment.
ATTENTION: default value of option mesa_glthread overridden by environment.
ATTENTION: default value of option mesa_glthread overridden by environment.
1673426479383	Marionette	INFO	Marionette enabled
1673426479391	Marionette	INFO	Listening on port 34397
Read port: 34397
WebDriver BiDi listening on ws://127.0.0.1:44217
1673426479634	RemoteAgent	WARN	TLS certificate errors will be ignored for this session
console.warn: SearchSettings: "get: No settings file exists, new profile?" (new NotFoundError("Could not open the file at /tmp/rust_mozprofilepT7SZu/search.json.mozlz4", (void 0)))
DevTools listening on ws://127.0.0.1:44217/devtools/browser/f0788b5b-1acc-4569-b066-652e3e40e7af
JavaScript warning: https://stat2.moneycontrol.com/mcjs/responsive/radar/market_radar_aws_revamp.js?v=03112020_1700, line 3175: unreachable code after return statement
JavaScript warning: https://stat2.moneycontrol.com/mcjs/responsive/radar/market_radar_aws_revamp.js?v=03112020_1700, line 3181: unreachable code after return statement
JavaScript error: https://www.moneycontrol.com/, line 596: ReferenceError: initAdserver is not defined
JavaScript warning: https://pagead2.googlesyndication.com/bg/JwRg8GnJRbSbwgtubA3x1Twn6jgCPCxSQn9TsX0K1wE.js line 2 > eval line 4011 > eval line 1 > eval line 1 > eval, line 1: WEBGL_debug_renderer_info is deprecated in Firefox and will be removed. Please use RENDERER.
JavaScript error: , line 0: TypeError: NetworkError when attempting to fetch resource.
JavaScript error: , line 0: TypeError: NetworkError when attempting to fetch resource.
JavaScript error: , line 0: TypeError: NetworkError when attempting to fetch resource.
JavaScript error: , line 0: TypeError: NetworkError when attempting to fetch resource.
JavaScript error: , line 0: TypeError: NetworkError when attempting to fetch resource.
JavaScript error: , line 0: TypeError: NetworkError when attempting to fetch resource.
JavaScript error: , line 0: TypeError: NetworkError when attempting to fetch resource.
JavaScript error: , line 0: TypeError: NetworkError when attempting to fetch resource.
JavaScript warning: https://pagead2.googlesyndication.com/bg/JwRg8GnJRbSbwgtubA3x1Twn6jgCPCxSQn9TsX0K1wE.js line 2 > eval line 4880 > eval line 1 > eval line 1 > eval, line 1: WEBGL_debug_renderer_info is deprecated in Firefox and will be removed. Please use RENDERER.
JavaScript warning: https://pagead2.googlesyndication.com/bg/JwRg8GnJRbSbwgtubA3x1Twn6jgCPCxSQn9TsX0K1wE.js line 2 > eval line 5242 > eval line 1 > eval line 1 > eval, line 1: WEBGL_debug_renderer_info is deprecated in Firefox and will be removed. Please use RENDERER.
JavaScript error: , line 0: TypeError: NetworkError when attempting to fetch resource.
JavaScript error: , line 0: TypeError: NetworkError when attempting to fetch resource.
JavaScript error: , line 0: TypeError: NetworkError when attempting to fetch resource.
JavaScript error: , line 0: TypeError: NetworkError when attempting to fetch resource.
JavaScript error: , line 0: TypeError: NetworkError when attempting to fetch resource.
JavaScript error: , line 0: TypeError: NetworkError when attempting to fetch resource.
1673426509461	Marionette	INFO	Stopped listening on port 34397
JavaScript warning: https://pagead2.googlesyndication.com/bg/JwRg8GnJRbSbwgtubA3x1Twn6jgCPCxSQn9TsX0K1wE.js line 2 > eval line 3786 > eval line 1 > eval line 1 > eval, line 1: WEBGL_debug_renderer_info is deprecated in Firefox and will be removed. Please use RENDERER.
1673426544963	geckodriver	INFO	Listening on 127.0.0.1:59785
1673426545358	mozrunner::runner	INFO	Running command: "/snap/firefox/current/firefox.launcher" "--marionette" "--remote-debugging-port" "36753" "--remote-allow-hosts" "localhost" "-no-remote" "-profile" "/tmp/rust_mozprofiler54sjK"
Gtk-Message: 14:12:25.409: Not loading module "atk-bridge": The functionality is provided by GTK natively. Please try to not load it.
ATTENTION: default value of option mesa_glthread overridden by environment.
ATTENTION: default value of option mesa_glthread overridden by environment.
ATTENTION: default value of option mesa_glthread overridden by environment.
ATTENTION: default value of option mesa_glthread overridden by environment.
1673426546841	Marionette	INFO	Marionette enabled
1673426546849	Marionette	INFO	Listening on port 44849
Read port: 44849
WebDriver BiDi listening on ws://127.0.0.1:36753
1673426547065	RemoteAgent	WARN	TLS certificate errors will be ignored for this session
console.warn: SearchSettings: "get: No settings file exists, new profile?" (new NotFoundError("Could not open the file at /tmp/rust_mozprofiler54sjK/search.json.mozlz4", (void 0)))
DevTools listening on ws://127.0.0.1:36753/devtools/browser/c0af02f8-6fc4-46c7-b663-acf3d8218c49
JavaScript warning: https://stat2.moneycontrol.com/mcjs/responsive/radar/market_radar_aws_revamp.js?v=03112020_1700, line 3175: unreachable code after return statement
JavaScript warning: https://stat2.moneycontrol.com/mcjs/responsive/radar/market_radar_aws_revamp.js?v=03112020_1700, line 3181: unreachable code after return statement
JavaScript error: https://www.moneycontrol.com/, line 596: ReferenceError: initAdserver is not defined
JavaScript warning: https://pagead2.googlesyndication.com/bg/JwRg8GnJRbSbwgtubA3x1Twn6jgCPCxSQn9TsX0K1wE.js line 2 > eval line 5984 > eval line 1 > eval line 1 > eval, line 1: WEBGL_debug_renderer_info is deprecated in Firefox and will be removed. Please use RENDERER.
JavaScript warning: https://pagead2.googlesyndication.com/bg/JwRg8GnJRbSbwgtubA3x1Twn6jgCPCxSQn9TsX0K1wE.js line 2 > eval line 2935 > eval line 1 > eval line 1 > eval, line 1: WEBGL_debug_renderer_info is deprecated in Firefox and will be removed. Please use RENDERER.
JavaScript error: , line 0: uncaught exception: 7
JavaScript error: , line 0: TypeError: NetworkError when attempting to fetch resource.
JavaScript error: , line 0: TypeError: NetworkError when attempting to fetch resource.
JavaScript error: , line 0: TypeError: NetworkError when attempting to fetch resource.
JavaScript error: , line 0: TypeError: NetworkError when attempting to fetch resource.
JavaScript error: , line 0: TypeError: NetworkError when attempting to fetch resource.
JavaScript error: , line 0: TypeError: NetworkError when attempting to fetch resource.
JavaScript error: , line 0: TypeError: NetworkError when attempting to fetch resource.
JavaScript error: , line 0: TypeError: NetworkError when attempting to fetch resource.
JavaScript warning: https://pagead2.googlesyndication.com/bg/JwRg8GnJRbSbwgtubA3x1Twn6jgCPCxSQn9TsX0K1wE.js line 2 > eval line 242 > eval line 1 > eval line 1 > eval, line 1: WEBGL_debug_renderer_info is deprecated in Firefox and will be removed. Please use RENDERER.
JavaScript warning: https://pagead2.googlesyndication.com/bg/JwRg8GnJRbSbwgtubA3x1Twn6jgCPCxSQn9TsX0K1wE.js line 2 > eval line 5334 > eval line 1 > eval line 1 > eval, line 1: WEBGL_debug_renderer_info is deprecated in Firefox and will be removed. Please use RENDERER.
JavaScript error: , line 0: TypeError: NetworkError when attempting to fetch resource.
JavaScript error: , line 0: TypeError: NetworkError when attempting to fetch resource.
JavaScript error: , line 0: TypeError: NetworkError when attempting to fetch resource.
JavaScript error: , line 0: TypeError: NetworkError when attempting to fetch resource.
JavaScript error: , line 0: TypeError: NetworkError when attempting to fetch resource.
1673426575702	Marionette	INFO	Stopped listening on port 44849
1673426655693	geckodriver	INFO	Listening on 127.0.0.1:39711
1673426656086	mozrunner::runner	INFO	Running command: "/snap/firefox/current/firefox.launcher" "--marionette" "--remote-debugging-port" "51369" "--remote-allow-hosts" "localhost" "-no-remote" "-profile" "/tmp/rust_mozprofileLw0vPr"
Gtk-Message: 14:14:16.135: Not loading module "atk-bridge": The functionality is provided by GTK natively. Please try to not load it.
ATTENTION: default value of option mesa_glthread overridden by environment.
ATTENTION: default value of option mesa_glthread overridden by environment.
ATTENTION: default value of option mesa_glthread overridden by environment.
ATTENTION: default value of option mesa_glthread overridden by environment.
1673426657584	Marionette	INFO	Marionette enabled
1673426657592	Marionette	INFO	Listening on port 45553
Read port: 45553
WebDriver BiDi listening on ws://127.0.0.1:51369
1673426657816	RemoteAgent	WARN	TLS certificate errors will be ignored for this session
console.warn: SearchSettings: "get: No settings file exists, new profile?" (new NotFoundError("Could not open the file at /tmp/rust_mozprofileLw0vPr/search.json.mozlz4", (void 0)))
DevTools listening on ws://127.0.0.1:51369/devtools/browser/e5821069-6a03-4d79-ae6e-051b103345f9
JavaScript warning: https://stat2.moneycontrol.com/mcjs/responsive/radar/market_radar_aws_revamp.js?v=03112020_1700, line 3175: unreachable code after return statement
JavaScript warning: https://stat2.moneycontrol.com/mcjs/responsive/radar/market_radar_aws_revamp.js?v=03112020_1700, line 3181: unreachable code after return statement
JavaScript error: https://www.moneycontrol.com/, line 596: ReferenceError: initAdserver is not defined
JavaScript warning: https://pagead2.googlesyndication.com/bg/JwRg8GnJRbSbwgtubA3x1Twn6jgCPCxSQn9TsX0K1wE.js line 2 > eval line 2149 > eval line 1 > eval line 1 > eval, line 1: WEBGL_debug_renderer_info is deprecated in Firefox and will be removed. Please use RENDERER.
JavaScript error: , line 0: TypeError: NetworkError when attempting to fetch resource.
JavaScript error: , line 0: TypeError: NetworkError when attempting to fetch resource.
JavaScript error: , line 0: TypeError: NetworkError when attempting to fetch resource.
JavaScript error: , line 0: TypeError: NetworkError when attempting to fetch resource.
JavaScript error: , line 0: TypeError: NetworkError when attempting to fetch resource.
JavaScript error: , line 0: TypeError: NetworkError when attempting to fetch resource.
JavaScript error: , line 0: TypeError: NetworkError when attempting to fetch resource.
JavaScript error: , line 0: TypeError: NetworkError when attempting to fetch resource.
JavaScript warning: https://pagead2.googlesyndication.com/bg/JwRg8GnJRbSbwgtubA3x1Twn6jgCPCxSQn9TsX0K1wE.js line 2 > eval line 7497 > eval line 1 > eval line 1 > eval, line 1: WEBGL_debug_renderer_info is deprecated in Firefox and will be removed. Please use RENDERER.
JavaScript warning: https://pagead2.googlesyndication.com/bg/JwRg8GnJRbSbwgtubA3x1Twn6jgCPCxSQn9TsX0K1wE.js line 2 > eval line 3349 > eval line 1 > eval line 1 > eval, line 1: WEBGL_debug_renderer_info is deprecated in Firefox and will be removed. Please use RENDERER.
JavaScript error: , line 0: TypeError: NetworkError when attempting to fetch resource.
JavaScript error: , line 0: TypeError: NetworkError when attempting to fetch resource.
JavaScript error: , line 0: TypeError: NetworkError when attempting to fetch resource.
JavaScript error: , line 0: TypeError: NetworkError when attempting to fetch resource.
JavaScript error: , line 0: TypeError: NetworkError when attempting to fetch resource.
JavaScript warning: https://pagead2.googlesyndication.com/bg/JwRg8GnJRbSbwgtubA3x1Twn6jgCPCxSQn9TsX0K1wE.js line 2 > eval line 2970 > eval line 1 > eval line 1 > eval, line 1: WEBGL_debug_renderer_info is deprecated in Firefox and will be removed. Please use RENDERER.
JavaScript warning: https://pagead2.googlesyndication.com/bg/JwRg8GnJRbSbwgtubA3x1Twn6jgCPCxSQn9TsX0K1wE.js line 2 > eval line 5610 > eval line 1 > eval line 1 > eval, line 1: WEBGL_debug_renderer_info is deprecated in Firefox and will be removed. Please use RENDERER.
1673426689224	Marionette	INFO	Stopped listening on port 45553
